<?xml version="1.0" encoding="UTF-8"?>
<testng-results ignored="0" total="1" passed="1" failed="0" skipped="0">
  <reporter-output>
  </reporter-output>
  <suite started-at="2023-09-22T17:00:29 IST" name="Default suite" finished-at="2023-09-22T17:00:42 IST" duration-ms="12406">
    <groups>
    </groups>
    <test started-at="2023-09-22T17:00:29 IST" name="Default test" finished-at="2023-09-22T17:00:42 IST" duration-ms="12406">
      <class name="demotest.TableFormat">
        <test-method is-config="true" signature="setUp()[pri:0, instance:demotest.TableFormat@3e92efc3]" started-at="2023-09-22T17:00:29 IST" name="setUp" finished-at="2023-09-22T17:00:33 IST" duration-ms="3389" status="PASS">
          <reporter-output>
          </reporter-output>
        </test-method> <!-- setUp -->
        <test-method signature="launchBrowser()[pri:0, instance:demotest.TableFormat@3e92efc3]" started-at="2023-09-22T17:00:33 IST" name="launchBrowser" finished-at="2023-09-22T17:00:41 IST" duration-ms="8449" status="PASS">
          <reporter-output>
          </reporter-output>
        </test-method> <!-- launchBrowser -->
        <test-method is-config="true" signature="closeBrowser()[pri:0, instance:demotest.TableFormat@3e92efc3]" started-at="2023-09-22T17:00:41 IST" name="closeBrowser" finished-at="2023-09-22T17:00:42 IST" duration-ms="485" status="PASS">
          <reporter-output>
          </reporter-output>
        </test-method> <!-- closeBrowser -->
      </class> <!-- demotest.TableFormat -->
    </test> <!-- Default test -->
  </suite> <!-- Default suite -->
</testng-results>
